<?xml version="1.0" encoding="UTF-8"?>
<!-- Generated by org.testng.reporters.JUnitReportReporter -->
<testsuite skipped="0" hostname="INMAAWN53000190" name="com.restassured.testcases.getAdditionValuesforNumbers" tests="2" failures="0" timestamp="19 Jun 2020 15:23:08 GMT" time="5.436" errors="0">
  
</testsuite> <!-- com.restassured.testcases.getAdditionValuesforNumbers -->
